<?xml version="1.0" encoding="UTF-8"?><testsuite name="kubetest2" failures="0" tests="1" time="1786.56744239">
    <testcase name="Test" classname="kubetest2" time="1786.566477885"></testcase>
</testsuite>